# JRE version: OpenJDK Runtime Environment (17.0.11) (build 17.0.11+0--11852314)
# Java VM: OpenJDK 64-Bit Server VM (17.0.11+0--11852314, mixed mode, tiered, compressed oops, compressed class ptrs, g1 gc, windows-amd64)
GC Precious Log:
 CPUs: 8 total, 8 available
 Memory: 16202M
 Large Page Support: Disabled
 NUMA Support: Disabled
 Compressed Oops: Enabled (Zero based)
 Heap Region Size: 4M
 Heap Min Capacity: 8M
 Heap Initial Capacity: 256M
 Heap Max Capacity: 8G
 Pre-touch: Disabled
 Parallel Workers: 8
 Concurrent Workers: 2
 Concurrent Refinement Workers: 8
 Periodic GC: Disabled
Heap:
 garbage-first heap   total 151552K, used 95530K [0x0000000600000000, 0x0000000800000000)
  region size 4096K, 4 young (16384K), 1 survivors (4096K)
 Metaspace       used 80512K, committed 81152K, reserved 1179648K
  class space    used 11226K, committed 11520K, reserved 1048576K
GC Heap History (20 events):
Event: 7.553 GC heap before
{Heap before GC invocations=18 (full 0):
 garbage-first heap   total 122880K, used 96217K [0x0000000600000000, 0x0000000800000000)
  region size 4096K, 11 young (45056K), 1 survivors (4096K)
 Metaspace       used 69324K, committed 69952K, reserved 1114112K
  class space    used 9636K, committed 9920K, reserved 1048576K
}
Event: 7.557 GC heap after
{Heap after GC invocations=19 (full 0):
 garbage-first heap   total 122880K, used 57033K [0x0000000600000000, 0x0000000800000000)
  region size 4096K, 2 young (8192K), 2 survivors (8192K)
 Metaspace       used 69324K, committed 69952K, reserved 1114112K
  class space    used 9636K, committed 9920K, reserved 1048576K
}
Event: 7.749 GC heap before
{Heap before GC invocations=19 (full 0):
 garbage-first heap   total 122880K, used 73417K [0x0000000600000000, 0x0000000800000000)
  region size 4096K, 8 young (32768K), 2 survivors (8192K)
 Metaspace       used 70690K, committed 71296K, reserved 1114112K
  class space    used 9820K, committed 10112K, reserved 1048576K
}
Event: 7.753 GC heap after
{Heap after GC invocations=20 (full 0):
 garbage-first heap   total 122880K, used 58174K [0x0000000600000000, 0x0000000800000000)
  region size 4096K, 1 young (4096K), 1 survivors (4096K)
 Metaspace       used 70690K, committed 71296K, reserved 1114112K
  class space    used 9820K, committed 10112K, reserved 1048576K
}
Event: 8.240 GC heap before
{Heap before GC invocations=21 (full 0):
 garbage-first heap   total 122880K, used 95038K [0x0000000600000000, 0x0000000800000000)
  region size 4096K, 10 young (40960K), 1 survivors (4096K)
 Metaspace       used 72937K, committed 73536K, reserved 1114112K
  class space    used 10172K, committed 10496K, reserved 1048576K
}
Event: 8.244 GC heap after
{Heap after GC invocations=22 (full 0):
 garbage-first heap   total 122880K, used 60519K [0x0000000600000000, 0x0000000800000000)
  region size 4096K, 2 young (8192K), 2 survivors (8192K)
 Metaspace       used 72937K, committed 73536K, reserved 1114112K
  class space    used 10172K, committed 10496K, reserved 1048576K
}
Event: 8.728 GC heap before
{Heap before GC invocations=22 (full 0):
 garbage-first heap   total 122880K, used 97383K [0x0000000600000000, 0x0000000800000000)
  region size 4096K, 11 young (45056K), 2 survivors (8192K)
 Metaspace       used 76090K, committed 76800K, reserved 1179648K
  class space    used 10749K, committed 11072K, reserved 1048576K
}
Event: 8.734 GC heap after
{Heap after GC invocations=23 (full 0):
 garbage-first heap   total 122880K, used 63443K [0x0000000600000000, 0x0000000800000000)
  region size 4096K, 2 young (8192K), 2 survivors (8192K)
 Metaspace       used 76090K, committed 76800K, reserved 1179648K
  class space    used 10749K, committed 11072K, reserved 1048576K
}
Event: 9.351 GC heap before
{Heap before GC invocations=24 (full 0):
 garbage-first heap   total 122880K, used 96211K [0x0000000600000000, 0x0000000800000000)
  region size 4096K, 11 young (45056K), 2 survivors (8192K)
 Metaspace       used 77179K, committed 77760K, reserved 1179648K
  class space    used 10856K, committed 11136K, reserved 1048576K
}
Event: 9.358 GC heap after
{Heap after GC invocations=25 (full 0):
 garbage-first heap   total 122880K, used 67391K [0x0000000600000000, 0x0000000800000000)
  region size 4096K, 2 young (8192K), 2 survivors (8192K)
 Metaspace       used 77179K, committed 77760K, reserved 1179648K
  class space    used 10856K, committed 11136K, reserved 1048576K
}
Event: 9.395 GC heap before
{Heap before GC invocations=25 (full 0):
 garbage-first heap   total 122880K, used 71487K [0x0000000600000000, 0x0000000800000000)
  region size 4096K, 3 young (12288K), 2 survivors (8192K)
 Metaspace       used 77204K, committed 77824K, reserved 1179648K
  class space    used 10856K, committed 11136K, reserved 1048576K
}
Event: 9.402 GC heap after
{Heap after GC invocations=26 (full 0):
 garbage-first heap   total 147456K, used 68369K [0x0000000600000000, 0x0000000800000000)
  region size 4096K, 1 young (4096K), 1 survivors (4096K)
 Metaspace       used 77204K, committed 77824K, reserved 1179648K
  class space    used 10856K, committed 11136K, reserved 1048576K
}
Event: 9.688 GC heap before
{Heap before GC invocations=26 (full 0):
 garbage-first heap   total 147456K, used 113425K [0x0000000600000000, 0x0000000800000000)
  region size 4096K, 12 young (49152K), 1 survivors (4096K)
 Metaspace       used 77388K, committed 78016K, reserved 1179648K
  class space    used 10859K, committed 11136K, reserved 1048576K
}
Event: 9.692 GC heap after
{Heap after GC invocations=27 (full 0):
 garbage-first heap   total 147456K, used 70119K [0x0000000600000000, 0x0000000800000000)
  region size 4096K, 1 young (4096K), 1 survivors (4096K)
 Metaspace       used 77388K, committed 78016K, reserved 1179648K
  class space    used 10859K, committed 11136K, reserved 1048576K
}
Event: 9.918 GC heap before
{Heap before GC invocations=28 (full 0):
 garbage-first heap   total 151552K, used 111079K [0x0000000600000000, 0x0000000800000000)
  region size 4096K, 12 young (49152K), 1 survivors (4096K)
 Metaspace       used 77408K, committed 78016K, reserved 1179648K
  class space    used 10859K, committed 11136K, reserved 1048576K
}
Event: 9.924 GC heap after
{Heap after GC invocations=29 (full 0):
 garbage-first heap   total 151552K, used 72318K [0x0000000600000000, 0x0000000800000000)
  region size 4096K, 2 young (8192K), 2 survivors (8192K)
 Metaspace       used 77408K, committed 78016K, reserved 1179648K
  class space    used 10859K, committed 11136K, reserved 1048576K
}
Event: 10.291 GC heap before
{Heap before GC invocations=29 (full 0):
 garbage-first heap   total 151552K, used 117374K [0x0000000600000000, 0x0000000800000000)
  region size 4096K, 13 young (53248K), 2 survivors (8192K)
 Metaspace       used 78929K, committed 79552K, reserved 1179648K
  class space    used 10994K, committed 11264K, reserved 1048576K
}
Event: 10.299 GC heap after
{Heap after GC invocations=30 (full 0):
 garbage-first heap   total 151552K, used 88774K [0x0000000600000000, 0x0000000800000000)
  region size 4096K, 2 young (8192K), 2 survivors (8192K)
 Metaspace       used 78929K, committed 79552K, reserved 1179648K
  class space    used 10994K, committed 11264K, reserved 1048576K
}
Event: 10.644 GC heap before
{Heap before GC invocations=30 (full 0):
 garbage-first heap   total 151552K, used 117446K [0x0000000600000000, 0x0000000800000000)
  region size 4096K, 9 young (36864K), 2 survivors (8192K)
 Metaspace       used 80024K, committed 80704K, reserved 1179648K
  class space    used 11151K, committed 11456K, reserved 1048576K
}
Event: 10.650 GC heap after
{Heap after GC invocations=31 (full 0):
 garbage-first heap   total 151552K, used 91434K [0x0000000600000000, 0x0000000800000000)
  region size 4096K, 1 young (4096K), 1 survivors (4096K)
 Metaspace       used 80024K, committed 80704K, reserved 1179648K
  class space    used 11151K, committed 11456K, reserved 1048576K
}

