# JRE version: OpenJDK Runtime Environment (17.0.11) (build 17.0.11+0--11852314)
# Java VM: OpenJDK 64-Bit Server VM (17.0.11+0--11852314, mixed mode, tiered, compressed oops, compressed class ptrs, g1 gc, windows-amd64)
GC Precious Log:
 CPUs: 8 total, 8 available
 Memory: 16202M
 Large Page Support: Disabled
 NUMA Support: Disabled
 Compressed Oops: Enabled (Zero based)
 Heap Region Size: 2M
 Heap Min Capacity: 8M
 Heap Initial Capacity: 254M
 Heap Max Capacity: 4G
 Pre-touch: Disabled
 Parallel Workers: 8
 Concurrent Workers: 2
 Concurrent Refinement Workers: 8
 Periodic GC: Disabled
Heap:
 garbage-first heap   total 133120K, used 78158K [0x0000000700000000, 0x0000000800000000)
  region size 2048K, 10 young (20480K), 3 survivors (6144K)
 Metaspace       used 74176K, committed 74816K, reserved 1114112K
  class space    used 10372K, committed 10688K, reserved 1048576K
GC Heap History (20 events):
Event: 7.970 GC heap before
{Heap before GC invocations=14 (full 0):
 garbage-first heap   total 96256K, used 71387K [0x0000000700000000, 0x0000000800000000)
  region size 2048K, 22 young (45056K), 2 survivors (4096K)
 Metaspace       used 52551K, committed 53056K, reserved 1114112K
  class space    used 7166K, committed 7424K, reserved 1048576K
}
Event: 7.974 GC heap after
{Heap after GC invocations=15 (full 0):
 garbage-first heap   total 96256K, used 34095K [0x0000000700000000, 0x0000000800000000)
  region size 2048K, 3 young (6144K), 3 survivors (6144K)
 Metaspace       used 52551K, committed 53056K, reserved 1114112K
  class space    used 7166K, committed 7424K, reserved 1048576K
}
Event: 8.921 GC heap before
{Heap before GC invocations=15 (full 0):
 garbage-first heap   total 96256K, used 70959K [0x0000000700000000, 0x0000000800000000)
  region size 2048K, 22 young (45056K), 3 survivors (6144K)
 Metaspace       used 55526K, committed 56064K, reserved 1114112K
  class space    used 7636K, committed 7872K, reserved 1048576K
}
Event: 8.930 GC heap after
{Heap after GC invocations=16 (full 0):
 garbage-first heap   total 96256K, used 38940K [0x0000000700000000, 0x0000000800000000)
  region size 2048K, 3 young (6144K), 3 survivors (6144K)
 Metaspace       used 55526K, committed 56064K, reserved 1114112K
  class space    used 7636K, committed 7872K, reserved 1048576K
}
Event: 9.397 GC heap before
{Heap before GC invocations=16 (full 0):
 garbage-first heap   total 96256K, used 71708K [0x0000000700000000, 0x0000000800000000)
  region size 2048K, 20 young (40960K), 3 survivors (6144K)
 Metaspace       used 57367K, committed 57920K, reserved 1114112K
  class space    used 7913K, committed 8192K, reserved 1048576K
}
Event: 9.403 GC heap after
{Heap after GC invocations=17 (full 0):
 garbage-first heap   total 96256K, used 41511K [0x0000000700000000, 0x0000000800000000)
  region size 2048K, 2 young (4096K), 2 survivors (4096K)
 Metaspace       used 57367K, committed 57920K, reserved 1114112K
  class space    used 7913K, committed 8192K, reserved 1048576K
}
Event: 10.007 GC heap before
{Heap before GC invocations=17 (full 0):
 garbage-first heap   total 96256K, used 74279K [0x0000000700000000, 0x0000000800000000)
  region size 2048K, 17 young (34816K), 2 survivors (4096K)
 Metaspace       used 60087K, committed 60608K, reserved 1114112K
  class space    used 8356K, committed 8640K, reserved 1048576K
}
Event: 10.012 GC heap after
{Heap after GC invocations=18 (full 0):
 garbage-first heap   total 96256K, used 47396K [0x0000000700000000, 0x0000000800000000)
  region size 2048K, 1 young (2048K), 1 survivors (2048K)
 Metaspace       used 60087K, committed 60608K, reserved 1114112K
  class space    used 8356K, committed 8640K, reserved 1048576K
}
Event: 10.279 GC heap before
{Heap before GC invocations=19 (full 0):
 garbage-first heap   total 96256K, used 61732K [0x0000000700000000, 0x0000000800000000)
  region size 2048K, 9 young (18432K), 1 survivors (2048K)
 Metaspace       used 62205K, committed 62720K, reserved 1114112K
  class space    used 8663K, committed 8896K, reserved 1048576K
}
Event: 10.283 GC heap after
{Heap after GC invocations=20 (full 0):
 garbage-first heap   total 96256K, used 48237K [0x0000000700000000, 0x0000000800000000)
  region size 2048K, 2 young (4096K), 2 survivors (4096K)
 Metaspace       used 62205K, committed 62720K, reserved 1114112K
  class space    used 8663K, committed 8896K, reserved 1048576K
}
Event: 10.796 GC heap before
{Heap before GC invocations=21 (full 0):
 garbage-first heap   total 102400K, used 83053K [0x0000000700000000, 0x0000000800000000)
  region size 2048K, 15 young (30720K), 2 survivors (4096K)
 Metaspace       used 64444K, committed 64960K, reserved 1114112K
  class space    used 8993K, committed 9216K, reserved 1048576K
}
Event: 10.802 GC heap after
{Heap after GC invocations=22 (full 0):
 garbage-first heap   total 102400K, used 58067K [0x0000000700000000, 0x0000000800000000)
  region size 2048K, 2 young (4096K), 2 survivors (4096K)
 Metaspace       used 64444K, committed 64960K, reserved 1114112K
  class space    used 8993K, committed 9216K, reserved 1048576K
}
Event: 11.167 GC heap before
{Heap before GC invocations=22 (full 0):
 garbage-first heap   total 102400K, used 82643K [0x0000000700000000, 0x0000000800000000)
  region size 2048K, 14 young (28672K), 2 survivors (4096K)
 Metaspace       used 66993K, committed 67456K, reserved 1114112K
  class space    used 9329K, committed 9536K, reserved 1048576K
}
Event: 11.171 GC heap after
{Heap after GC invocations=23 (full 0):
 garbage-first heap   total 102400K, used 59412K [0x0000000700000000, 0x0000000800000000)
  region size 2048K, 2 young (4096K), 2 survivors (4096K)
 Metaspace       used 66993K, committed 67456K, reserved 1114112K
  class space    used 9329K, committed 9536K, reserved 1048576K
}
Event: 11.566 GC heap before
{Heap before GC invocations=24 (full 0):
 garbage-first heap   total 110592K, used 81940K [0x0000000700000000, 0x0000000800000000)
  region size 2048K, 13 young (26624K), 2 survivors (4096K)
 Metaspace       used 68591K, committed 69184K, reserved 1114112K
  class space    used 9539K, committed 9792K, reserved 1048576K
}
Event: 11.571 GC heap after
{Heap after GC invocations=25 (full 0):
 garbage-first heap   total 110592K, used 60424K [0x0000000700000000, 0x0000000800000000)
  region size 2048K, 2 young (4096K), 2 survivors (4096K)
 Metaspace       used 68591K, committed 69184K, reserved 1114112K
  class space    used 9539K, committed 9792K, reserved 1048576K
}
Event: 12.134 GC heap before
{Heap before GC invocations=25 (full 0):
 garbage-first heap   total 110592K, used 87048K [0x0000000700000000, 0x0000000800000000)
  region size 2048K, 15 young (30720K), 2 survivors (4096K)
 Metaspace       used 70318K, committed 70912K, reserved 1114112K
  class space    used 9772K, committed 10048K, reserved 1048576K
}
Event: 12.138 GC heap after
{Heap after GC invocations=26 (full 0):
 garbage-first heap   total 133120K, used 61290K [0x0000000700000000, 0x0000000800000000)
  region size 2048K, 1 young (2048K), 1 survivors (2048K)
 Metaspace       used 70318K, committed 70912K, reserved 1114112K
  class space    used 9772K, committed 10048K, reserved 1048576K
}
Event: 13.057 GC heap before
{Heap before GC invocations=27 (full 0):
 garbage-first heap   total 133120K, used 104298K [0x0000000700000000, 0x0000000800000000)
  region size 2048K, 23 young (47104K), 1 survivors (2048K)
 Metaspace       used 72937K, committed 73536K, reserved 1114112K
  class space    used 10165K, committed 10432K, reserved 1048576K
}
Event: 13.064 GC heap after
{Heap after GC invocations=28 (full 0):
 garbage-first heap   total 133120K, used 65870K [0x0000000700000000, 0x0000000800000000)
  region size 2048K, 3 young (6144K), 3 survivors (6144K)
 Metaspace       used 72937K, committed 73536K, reserved 1114112K
  class space    used 10165K, committed 10432K, reserved 1048576K
}

