# JRE version: OpenJDK Runtime Environment (17.0.11) (build 17.0.11+0--11852314)
# Java VM: OpenJDK 64-Bit Server VM (17.0.11+0--11852314, mixed mode, tiered, compressed oops, compressed class ptrs, g1 gc, windows-amd64)
GC Precious Log:
 CPUs: 8 total, 8 available
 Memory: 16202M
 Large Page Support: Disabled
 NUMA Support: Disabled
 Compressed Oops: Enabled (Zero based)
 Heap Region Size: 4M
 Heap Min Capacity: 8M
 Heap Initial Capacity: 256M
 Heap Max Capacity: 8G
 Pre-touch: Disabled
 Parallel Workers: 8
 Concurrent Workers: 2
 Concurrent Refinement Workers: 8
 Periodic GC: Disabled
Heap:
 garbage-first heap   total 241664K, used 144553K [0x0000000600000000, 0x0000000800000000)
  region size 4096K, 2 young (8192K), 2 survivors (8192K)
 Metaspace       used 88911K, committed 89536K, reserved 1179648K
  class space    used 12147K, committed 12480K, reserved 1048576K
GC Heap History (20 events):
Event: 108.017 GC heap after
{Heap after GC invocations=40 (full 0):
 garbage-first heap   total 196608K, used 96383K [0x0000000600000000, 0x0000000800000000)
  region size 4096K, 2 young (8192K), 2 survivors (8192K)
 Metaspace       used 87411K, committed 88128K, reserved 1179648K
  class space    used 11999K, committed 12352K, reserved 1048576K
}
Event: 108.471 GC heap before
{Heap before GC invocations=40 (full 0):
 garbage-first heap   total 196608K, used 161919K [0x0000000600000000, 0x0000000800000000)
  region size 4096K, 18 young (73728K), 2 survivors (8192K)
 Metaspace       used 87412K, committed 88128K, reserved 1179648K
  class space    used 11999K, committed 12352K, reserved 1048576K
}
Event: 108.477 GC heap after
{Heap after GC invocations=41 (full 0):
 garbage-first heap   total 196608K, used 97568K [0x0000000600000000, 0x0000000800000000)
  region size 4096K, 2 young (8192K), 2 survivors (8192K)
 Metaspace       used 87412K, committed 88128K, reserved 1179648K
  class space    used 11999K, committed 12352K, reserved 1048576K
}
Event: 109.193 GC heap before
{Heap before GC invocations=41 (full 0):
 garbage-first heap   total 196608K, used 163104K [0x0000000600000000, 0x0000000800000000)
  region size 4096K, 18 young (73728K), 2 survivors (8192K)
 Metaspace       used 87412K, committed 88128K, reserved 1179648K
  class space    used 11999K, committed 12352K, reserved 1048576K
}
Event: 109.199 GC heap after
{Heap after GC invocations=42 (full 0):
 garbage-first heap   total 237568K, used 99029K [0x0000000600000000, 0x0000000800000000)
  region size 4096K, 2 young (8192K), 2 survivors (8192K)
 Metaspace       used 87412K, committed 88128K, reserved 1179648K
  class space    used 11999K, committed 12352K, reserved 1048576K
}
Event: 111.565 GC heap before
{Heap before GC invocations=42 (full 0):
 garbage-first heap   total 237568K, used 197333K [0x0000000600000000, 0x0000000800000000)
  region size 4096K, 27 young (110592K), 2 survivors (8192K)
 Metaspace       used 87454K, committed 88128K, reserved 1179648K
  class space    used 12000K, committed 12352K, reserved 1048576K
}
Event: 111.572 GC heap after
{Heap after GC invocations=43 (full 0):
 garbage-first heap   total 237568K, used 97542K [0x0000000600000000, 0x0000000800000000)
  region size 4096K, 3 young (12288K), 3 survivors (12288K)
 Metaspace       used 87454K, committed 88128K, reserved 1179648K
  class space    used 12000K, committed 12352K, reserved 1048576K
}
Event: 112.507 GC heap before
{Heap before GC invocations=43 (full 0):
 garbage-first heap   total 237568K, used 191750K [0x0000000600000000, 0x0000000800000000)
  region size 4096K, 27 young (110592K), 3 survivors (12288K)
 Metaspace       used 87521K, committed 88192K, reserved 1179648K
  class space    used 12011K, committed 12352K, reserved 1048576K
}
Event: 112.539 GC heap after
{Heap after GC invocations=44 (full 0):
 garbage-first heap   total 237568K, used 120940K [0x0000000600000000, 0x0000000800000000)
  region size 4096K, 4 young (16384K), 4 survivors (16384K)
 Metaspace       used 87521K, committed 88192K, reserved 1179648K
  class space    used 12011K, committed 12352K, reserved 1048576K
}
Event: 114.062 GC heap before
{Heap before GC invocations=44 (full 0):
 garbage-first heap   total 237568K, used 186476K [0x0000000600000000, 0x0000000800000000)
  region size 4096K, 20 young (81920K), 4 survivors (16384K)
 Metaspace       used 87621K, committed 88320K, reserved 1179648K
  class space    used 12013K, committed 12352K, reserved 1048576K
}
Event: 114.090 GC heap after
{Heap after GC invocations=45 (full 0):
 garbage-first heap   total 237568K, used 132499K [0x0000000600000000, 0x0000000800000000)
  region size 4096K, 3 young (12288K), 3 survivors (12288K)
 Metaspace       used 87621K, committed 88320K, reserved 1179648K
  class space    used 12013K, committed 12352K, reserved 1048576K
}
Event: 115.018 GC heap before
{Heap before GC invocations=46 (full 0):
 garbage-first heap   total 241664K, used 181651K [0x0000000600000000, 0x0000000800000000)
  region size 4096K, 16 young (65536K), 3 survivors (12288K)
 Metaspace       used 88092K, committed 88768K, reserved 1179648K
  class space    used 12078K, committed 12416K, reserved 1048576K
}
Event: 115.036 GC heap after
{Heap after GC invocations=47 (full 0):
 garbage-first heap   total 241664K, used 139264K [0x0000000600000000, 0x0000000800000000)
  region size 4096K, 2 young (8192K), 2 survivors (8192K)
 Metaspace       used 88092K, committed 88768K, reserved 1179648K
  class space    used 12078K, committed 12416K, reserved 1048576K
}
Event: 115.066 GC heap before
{Heap before GC invocations=47 (full 0):
 garbage-first heap   total 241664K, used 139264K [0x0000000600000000, 0x0000000800000000)
  region size 4096K, 3 young (12288K), 2 survivors (8192K)
 Metaspace       used 88251K, committed 88896K, reserved 1179648K
  class space    used 12101K, committed 12416K, reserved 1048576K
}
Event: 115.075 GC heap after
{Heap after GC invocations=48 (full 0):
 garbage-first heap   total 241664K, used 138001K [0x0000000600000000, 0x0000000800000000)
  region size 4096K, 1 young (4096K), 1 survivors (4096K)
 Metaspace       used 88251K, committed 88896K, reserved 1179648K
  class space    used 12101K, committed 12416K, reserved 1048576K
}
Event: 115.773 GC heap before
{Heap before GC invocations=48 (full 0):
 garbage-first heap   total 241664K, used 187153K [0x0000000600000000, 0x0000000800000000)
  region size 4096K, 13 young (53248K), 1 survivors (4096K)
 Metaspace       used 88777K, committed 89408K, reserved 1179648K
  class space    used 12147K, committed 12480K, reserved 1048576K
}
Event: 115.780 GC heap after
{Heap after GC invocations=49 (full 0):
 garbage-first heap   total 241664K, used 140255K [0x0000000600000000, 0x0000000800000000)
  region size 4096K, 2 young (8192K), 2 survivors (8192K)
 Metaspace       used 88777K, committed 89408K, reserved 1179648K
  class space    used 12147K, committed 12480K, reserved 1048576K
}
Event: 116.309 GC heap before
{Heap before GC invocations=49 (full 0):
 garbage-first heap   total 241664K, used 189407K [0x0000000600000000, 0x0000000800000000)
  region size 4096K, 14 young (57344K), 2 survivors (8192K)
 Metaspace       used 88861K, committed 89536K, reserved 1179648K
  class space    used 12147K, committed 12480K, reserved 1048576K
}
Event: 116.316 GC heap after
{Heap after GC invocations=50 (full 0):
 garbage-first heap   total 241664K, used 141508K [0x0000000600000000, 0x0000000800000000)
  region size 4096K, 2 young (8192K), 2 survivors (8192K)
 Metaspace       used 88861K, committed 89536K, reserved 1179648K
  class space    used 12147K, committed 12480K, reserved 1048576K
}
Event: 116.779 GC heap before
{Heap before GC invocations=50 (full 0):
 garbage-first heap   total 241664K, used 190660K [0x0000000600000000, 0x0000000800000000)
  region size 4096K, 15 young (61440K), 2 survivors (8192K)
 Metaspace       used 88911K, committed 89536K, reserved 1179648K
  class space    used 12147K, committed 12480K, reserved 1048576K
}

