# JRE version: OpenJDK Runtime Environment (17.0.11) (build 17.0.11+0--11852314)
# Java VM: OpenJDK 64-Bit Server VM (17.0.11+0--11852314, mixed mode, tiered, compressed oops, compressed class ptrs, g1 gc, windows-amd64)
GC Precious Log:
 CPUs: 8 total, 8 available
 Memory: 16202M
 Large Page Support: Disabled
 NUMA Support: Disabled
 Compressed Oops: Enabled (Zero based)
 Heap Region Size: 2M
 Heap Min Capacity: 8M
 Heap Initial Capacity: 254M
 Heap Max Capacity: 4052M
 Pre-touch: Disabled
 Parallel Workers: 8
 Concurrent Workers: 2
 Concurrent Refinement Workers: 8
 Periodic GC: Disabled
Heap:
 garbage-first heap   total 49152K, used 30720K [0x0000000702c00000, 0x0000000800000000)
  region size 2048K, 8 young (16384K), 2 survivors (4096K)
 Metaspace       used 32923K, committed 33152K, reserved 1114112K
  class space    used 4178K, committed 4288K, reserved 1048576K
GC Heap History (10 events):
Event: 1.700 GC heap before
{Heap before GC invocations=0 (full 0):
 garbage-first heap   total 260096K, used 24576K [0x0000000702c00000, 0x0000000800000000)
  region size 2048K, 11 young (22528K), 0 survivors (0K)
 Metaspace       used 12903K, committed 12992K, reserved 1114112K
  class space    used 1225K, committed 1280K, reserved 1048576K
}
Event: 1.741 GC heap after
{Heap after GC invocations=1 (full 0):
 garbage-first heap   total 260096K, used 6671K [0x0000000702c00000, 0x0000000800000000)
  region size 2048K, 2 young (4096K), 2 survivors (4096K)
 Metaspace       used 12903K, committed 12992K, reserved 1114112K
  class space    used 1225K, committed 1280K, reserved 1048576K
}
Event: 3.728 GC heap before
{Heap before GC invocations=1 (full 0):
 garbage-first heap   total 260096K, used 35343K [0x0000000702c00000, 0x0000000800000000)
  region size 2048K, 17 young (34816K), 2 survivors (4096K)
 Metaspace       used 20369K, committed 20544K, reserved 1114112K
  class space    used 2200K, committed 2240K, reserved 1048576K
}
Event: 3.734 GC heap after
{Heap after GC invocations=2 (full 0):
 garbage-first heap   total 260096K, used 10193K [0x0000000702c00000, 0x0000000800000000)
  region size 2048K, 3 young (6144K), 3 survivors (6144K)
 Metaspace       used 20369K, committed 20544K, reserved 1114112K
  class space    used 2200K, committed 2240K, reserved 1048576K
}
Event: 3.892 GC heap before
{Heap before GC invocations=2 (full 0):
 garbage-first heap   total 260096K, used 12241K [0x0000000702c00000, 0x0000000800000000)
  region size 2048K, 5 young (10240K), 3 survivors (6144K)
 Metaspace       used 21322K, committed 21504K, reserved 1114112K
  class space    used 2313K, committed 2432K, reserved 1048576K
}
Event: 3.897 GC heap after
{Heap after GC invocations=3 (full 0):
 garbage-first heap   total 260096K, used 10523K [0x0000000702c00000, 0x0000000800000000)
  region size 2048K, 4 young (8192K), 4 survivors (8192K)
 Metaspace       used 21322K, committed 21504K, reserved 1114112K
  class space    used 2313K, committed 2432K, reserved 1048576K
}
Event: 5.116 GC heap before
{Heap before GC invocations=4 (full 0):
 garbage-first heap   total 49152K, used 35099K [0x0000000702c00000, 0x0000000800000000)
  region size 2048K, 15 young (30720K), 4 survivors (8192K)
 Metaspace       used 27958K, committed 28224K, reserved 1114112K
  class space    used 3057K, committed 3200K, reserved 1048576K
}
Event: 5.127 GC heap after
{Heap after GC invocations=5 (full 0):
 garbage-first heap   total 49152K, used 16637K [0x0000000702c00000, 0x0000000800000000)
  region size 2048K, 5 young (10240K), 5 survivors (10240K)
 Metaspace       used 27958K, committed 28224K, reserved 1114112K
  class space    used 3057K, committed 3200K, reserved 1048576K
}
Event: 5.745 GC heap before
{Heap before GC invocations=5 (full 0):
 garbage-first heap   total 49152K, used 33021K [0x0000000702c00000, 0x0000000800000000)
  region size 2048K, 12 young (24576K), 5 survivors (10240K)
 Metaspace       used 31386K, committed 31616K, reserved 1114112K
  class space    used 3787K, committed 3904K, reserved 1048576K
}
Event: 5.761 GC heap after
{Heap after GC invocations=6 (full 0):
 garbage-first heap   total 49152K, used 20480K [0x0000000702c00000, 0x0000000800000000)
  region size 2048K, 2 young (4096K), 2 survivors (4096K)
 Metaspace       used 31386K, committed 31616K, reserved 1114112K
  class space    used 3787K, committed 3904K, reserved 1048576K
}

